[INFO  - 2018-12-30T15:37:13.421Z] GhostDriver - Main - running on port 32568
[INFO  - 2018-12-30T15:37:18.752Z] Session [ca921260-0c48-11e9-80e4-f30d5b71cb6f] - page.settings - {"XSSAuditingEnabled":false,"javascriptCanCloseWindows":true,"javascriptCanOpenWindows":true,"javascriptEnabled":true,"loadImages":true,"localToRemoteUrlAccessEnabled":false,"userAgent":"Mozilla/5.0 (Windows NT 6.2; WOW64) AppleWebKit/538.1 (KHTML, like Gecko) PhantomJS/2.1.1 Safari/538.1","webSecurityEnabled":true}
[INFO  - 2018-12-30T15:37:18.754Z] Session [ca921260-0c48-11e9-80e4-f30d5b71cb6f] - page.customHeaders:  - {}
[INFO  - 2018-12-30T15:37:18.755Z] Session [ca921260-0c48-11e9-80e4-f30d5b71cb6f] - Session.negotiatedCapabilities - {"browserName":"phantomjs","version":"2.1.1","driverName":"ghostdriver","driverVersion":"1.2.0","platform":"windows-10-32bit","javascriptEnabled":true,"takesScreenshot":true,"handlesAlerts":false,"databaseEnabled":false,"locationContextEnabled":false,"applicationCacheEnabled":false,"browserConnectionEnabled":false,"cssSelectorsEnabled":true,"webStorageEnabled":false,"rotatable":false,"acceptSslCerts":false,"nativeEvents":true,"proxy":{"proxyType":"direct"}}
[INFO  - 2018-12-30T15:37:18.758Z] SessionManagerReqHand - _postNewSessionCommand - New Session Created: ca921260-0c48-11e9-80e4-f30d5b71cb6f
[ERROR - 2018-12-30T15:37:24.497Z] WebElementLocator - _handleLocateCommand - Element(s) NOT Found: GAVE UP. Search Stop Time: 1546184244478
[ERROR - 2018-12-30T15:37:25.683Z] WebElementLocator - _handleLocateCommand - Element(s) NOT Found: GAVE UP. Search Stop Time: 1546184245654
[INFO  - 2018-12-30T15:37:29.079Z] ShutdownReqHand - _handle - About to shutdown
[INFO  - 2018-12-30T15:42:47.913Z] GhostDriver - Main - running on port 8215
[INFO  - 2018-12-30T15:42:49.162Z] Session [8f82ca10-0c49-11e9-a025-a33b6de0b3f1] - page.settings - {"XSSAuditingEnabled":false,"javascriptCanCloseWindows":true,"javascriptCanOpenWindows":true,"javascriptEnabled":true,"loadImages":true,"localToRemoteUrlAccessEnabled":false,"userAgent":"Mozilla/5.0 (Windows NT 6.2; WOW64) AppleWebKit/538.1 (KHTML, like Gecko) PhantomJS/2.1.1 Safari/538.1","webSecurityEnabled":true}
[INFO  - 2018-12-30T15:42:49.163Z] Session [8f82ca10-0c49-11e9-a025-a33b6de0b3f1] - page.customHeaders:  - {}
[INFO  - 2018-12-30T15:42:49.164Z] Session [8f82ca10-0c49-11e9-a025-a33b6de0b3f1] - Session.negotiatedCapabilities - {"browserName":"phantomjs","version":"2.1.1","driverName":"ghostdriver","driverVersion":"1.2.0","platform":"windows-10-32bit","javascriptEnabled":true,"takesScreenshot":true,"handlesAlerts":false,"databaseEnabled":false,"locationContextEnabled":false,"applicationCacheEnabled":false,"browserConnectionEnabled":false,"cssSelectorsEnabled":true,"webStorageEnabled":false,"rotatable":false,"acceptSslCerts":false,"nativeEvents":true,"proxy":{"proxyType":"direct"}}
[INFO  - 2018-12-30T15:42:49.165Z] SessionManagerReqHand - _postNewSessionCommand - New Session Created: 8f82ca10-0c49-11e9-a025-a33b6de0b3f1
[INFO  - 2018-12-30T15:43:27.183Z] ShutdownReqHand - _handle - About to shutdown
[INFO  - 2018-12-30T15:50:10.986Z] GhostDriver - Main - running on port 28961
[INFO  - 2018-12-30T15:50:14.168Z] Session [98c17800-0c4a-11e9-881b-4b6ed146bbc2] - page.settings - {"XSSAuditingEnabled":false,"javascriptCanCloseWindows":true,"javascriptCanOpenWindows":true,"javascriptEnabled":true,"loadImages":true,"localToRemoteUrlAccessEnabled":false,"userAgent":"Mozilla/5.0 (Windows NT 6.2; WOW64) AppleWebKit/538.1 (KHTML, like Gecko) PhantomJS/2.1.1 Safari/538.1","webSecurityEnabled":true}
[INFO  - 2018-12-30T15:50:14.170Z] Session [98c17800-0c4a-11e9-881b-4b6ed146bbc2] - page.customHeaders:  - {}
[INFO  - 2018-12-30T15:50:14.171Z] Session [98c17800-0c4a-11e9-881b-4b6ed146bbc2] - Session.negotiatedCapabilities - {"browserName":"phantomjs","version":"2.1.1","driverName":"ghostdriver","driverVersion":"1.2.0","platform":"windows-10-32bit","javascriptEnabled":true,"takesScreenshot":true,"handlesAlerts":false,"databaseEnabled":false,"locationContextEnabled":false,"applicationCacheEnabled":false,"browserConnectionEnabled":false,"cssSelectorsEnabled":true,"webStorageEnabled":false,"rotatable":false,"acceptSslCerts":false,"nativeEvents":true,"proxy":{"proxyType":"direct"}}
[INFO  - 2018-12-30T15:50:14.172Z] SessionManagerReqHand - _postNewSessionCommand - New Session Created: 98c17800-0c4a-11e9-881b-4b6ed146bbc2
[INFO  - 2018-12-30T15:50:45.972Z] ShutdownReqHand - _handle - About to shutdown
[INFO  - 2018-12-30T16:20:22.400Z] GhostDriver - Main - running on port 11066
[INFO  - 2018-12-30T16:20:24.226Z] Session [cfa2b4c0-0c4e-11e9-affb-a1c6ed144afb] - page.settings - {"XSSAuditingEnabled":false,"javascriptCanCloseWindows":true,"javascriptCanOpenWindows":true,"javascriptEnabled":true,"loadImages":true,"localToRemoteUrlAccessEnabled":false,"userAgent":"Mozilla/5.0 (Windows NT 6.2; WOW64) AppleWebKit/538.1 (KHTML, like Gecko) PhantomJS/2.1.1 Safari/538.1","webSecurityEnabled":true}
[INFO  - 2018-12-30T16:20:24.227Z] Session [cfa2b4c0-0c4e-11e9-affb-a1c6ed144afb] - page.customHeaders:  - {}
[INFO  - 2018-12-30T16:20:24.228Z] Session [cfa2b4c0-0c4e-11e9-affb-a1c6ed144afb] - Session.negotiatedCapabilities - {"browserName":"phantomjs","version":"2.1.1","driverName":"ghostdriver","driverVersion":"1.2.0","platform":"windows-10-32bit","javascriptEnabled":true,"takesScreenshot":true,"handlesAlerts":false,"databaseEnabled":false,"locationContextEnabled":false,"applicationCacheEnabled":false,"browserConnectionEnabled":false,"cssSelectorsEnabled":true,"webStorageEnabled":false,"rotatable":false,"acceptSslCerts":false,"nativeEvents":true,"proxy":{"proxyType":"direct"}}
[INFO  - 2018-12-30T16:20:24.229Z] SessionManagerReqHand - _postNewSessionCommand - New Session Created: cfa2b4c0-0c4e-11e9-affb-a1c6ed144afb
[ERROR - 2018-12-30T16:21:08.268Z] WebElementLocator - _handleLocateCommand - Element(s) NOT Found: GAVE UP. Search Stop Time: 1546186868199
[ERROR - 2018-12-30T16:21:09.162Z] WebElementLocator - _handleLocateCommand - Element(s) NOT Found: GAVE UP. Search Stop Time: 1546186869153
[INFO  - 2018-12-30T16:21:10.918Z] ShutdownReqHand - _handle - About to shutdown
[INFO  - 2018-12-30T16:22:20.007Z] GhostDriver - Main - running on port 42513
[INFO  - 2018-12-30T16:22:21.398Z] Session [15791fc0-0c4f-11e9-a7a4-9b35f829fedd] - page.settings - {"XSSAuditingEnabled":false,"javascriptCanCloseWindows":true,"javascriptCanOpenWindows":true,"javascriptEnabled":true,"loadImages":true,"localToRemoteUrlAccessEnabled":false,"userAgent":"Mozilla/5.0 (Windows NT 6.2; WOW64) AppleWebKit/538.1 (KHTML, like Gecko) PhantomJS/2.1.1 Safari/538.1","webSecurityEnabled":true}
[INFO  - 2018-12-30T16:22:21.399Z] Session [15791fc0-0c4f-11e9-a7a4-9b35f829fedd] - page.customHeaders:  - {}
[INFO  - 2018-12-30T16:22:21.400Z] Session [15791fc0-0c4f-11e9-a7a4-9b35f829fedd] - Session.negotiatedCapabilities - {"browserName":"phantomjs","version":"2.1.1","driverName":"ghostdriver","driverVersion":"1.2.0","platform":"windows-10-32bit","javascriptEnabled":true,"takesScreenshot":true,"handlesAlerts":false,"databaseEnabled":false,"locationContextEnabled":false,"applicationCacheEnabled":false,"browserConnectionEnabled":false,"cssSelectorsEnabled":true,"webStorageEnabled":false,"rotatable":false,"acceptSslCerts":false,"nativeEvents":true,"proxy":{"proxyType":"direct"}}
[INFO  - 2018-12-30T16:22:21.401Z] SessionManagerReqHand - _postNewSessionCommand - New Session Created: 15791fc0-0c4f-11e9-a7a4-9b35f829fedd
[INFO  - 2018-12-30T16:22:59.950Z] ShutdownReqHand - _handle - About to shutdown
